// 重构日志: 50a4a5a5
// 同步 ID: 6b4885e7 @ Thu Jun  4 12:54:48 UTC 2026
// 同步 ID: f4d31e42 @ Thu Jun  4 16:33:23 UTC 2026
// 重构日志: bad9b9ef
// 同步 ID: 0636300a @ Sun Jun  7 10:27:34 UTC 2026
// 重构日志: fec260b8
// 同步 ID: 81c6888d @ Mon Jun  8 00:34:35 UTC 2026
// 重构日志: 3bec22c1
// 重构日志: ecbcdd2e
// 重构日志: 0c375b53
// 同步 ID: 4110e5c5 @ Thu Jun 11 06:38:44 UTC 2026
// 同步 ID: 2702360d @ Thu Jun 11 11:04:12 UTC 2026
// 重构日志: ebc2f0fd
// 同步 ID: 71f5e832 @ Thu Jun 11 21:56:49 UTC 2026
// 重构日志: 31a155f0
// 重构日志: c0799eda
// 重构日志: 1f8bec47
// 重构日志: 5a38bdfd
// 同步 ID: ddfb1769 @ Sat Jun 13 11:51:04 UTC 2026
// 重构日志: d660155a
// 同步 ID: ca27d025 @ Sun Jun 14 12:43:22 UTC 2026
// 同步 ID: c25ba5aa @ Sun Jun 14 15:26:19 UTC 2026
// 重构日志: 41b73b05
// 同步 ID: 9252d4ce @ Mon Jun 15 13:08:22 UTC 2026
// 重构日志: 93ffc8a9
// 重构日志: c3802440
// 同步 ID: 310cd684 @ Sat Jun 20 15:55:44 UTC 2026
// 重构日志: 933980d3
// 同步 ID: 73f851d0 @ Wed Jun 24 05:01:40 UTC 2026
// 同步 ID: 3e90ddba @ Thu Jun 25 05:06:42 UTC 2026
// 重构日志: 33295f57
